<?xml version="1.0" encoding="UTF-8"?>
<!-- Generated by org.testng.reporters.JUnitReportReporter -->
<testsuite hostname="DESKTOP-9IG30VI" failures="0" tests="4" name="com.testquote.QuoteTest" time="83.282" errors="0" timestamp="24 May 2022 14:51:06 GMT" skipped="0">
  <testcase classname="com.testquote.QuoteTest" name="testExcelRead" time="13.293"/>
  <testcase classname="com.testquote.QuoteTest" name="testFirstPageRandom" time="15.522"/>
  <testcase classname="com.testquote.QuoteTest" name="testQuoteFail" time="14.755"/>
  <testcase classname="com.testquote.QuoteTest" name="testQuote" time="39.712"/>
</testsuite> <!-- com.testquote.QuoteTest -->
