<?xml version="1.0" encoding="UTF-8"?>
<!-- Generated by org.testng.reporters.JUnitReportReporter -->
<testsuite hostname="DESKTOP-9IG30VI" failures="0" tests="4" name="com.testquote.QuoteTest" time="103.994" errors="0" timestamp="26 May 2022 23:31:41 GMT" skipped="0">
  <testcase classname="com.testquote.QuoteTest" name="testQuote" time="52.940"/>
  <testcase classname="com.testquote.QuoteTest" name="testQuoteFail" time="18.178"/>
  <testcase classname="com.testquote.QuoteTest" name="testFirstPageRandom" time="16.061"/>
  <testcase classname="com.testquote.QuoteTest" name="testExcelRead" time="16.815"/>
</testsuite> <!-- com.testquote.QuoteTest -->
