<?xml version="1.0" encoding="UTF-8"?>
<!-- Generated by org.testng.reporters.JUnitReportReporter -->
<testsuite hostname="DESKTOP-9IG30VI" failures="0" tests="2" name="com.testquote.QuoteTest" time="47.474" errors="0" timestamp="24 May 2022 12:50:16 GMT" skipped="0">
  <testcase classname="com.testquote.QuoteTest" name="testFirstPageRandom" time="19.013"/>
  <testcase classname="com.testquote.QuoteTest" name="testQuote" time="28.461"/>
</testsuite> <!-- com.testquote.QuoteTest -->
